2026-01-12T04:27:02 | touched: scripts/deploy.js
2025-06-01T05:26:27 | touched: scripts/deploy.js
2025-02-10T03:50:48 | touched: LICENSE
2025-01-23T01:33:44 | touched: test/Vivifi.test.js
2025-11-12T20:59:29 | touched: hardhat.config.js
2025-11-26T17:54:56 | touched: LICENSE
2025-08-27T07:22:55 | touched: .env.example
2025-09-11T18:34:08 | touched: .env.example
2025-05-15T01:36:32 | touched: test/Vivifi.test.js
2025-09-18T20:12:58 | touched: test/Vivifi.test.js
2025-05-01T08:03:36 | touched: contracts/Vivifi.sol
2025-09-15T18:14:47 | touched: contracts/Vivifi.sol
2025-08-25T18:17:25 | touched: scripts/deploy.js
2025-04-26T22:29:47 | touched: package.json
2025-12-01T23:48:45 | touched: test/Vivifi.test.js
2025-03-29T23:27:44 | touched: test/Vivifi.test.js
2025-09-23T02:02:59 | touched: README.md
2025-09-03T10:05:57 | touched: test/Vivifi.test.js
2025-10-13T05:49:26 | touched: test/Vivifi.test.js
2025-02-20T06:19:59 | touched: scripts/deploy.js
2025-01-20T03:24:06 | touched: scripts/deploy.js
2025-09-06T15:49:37 | touched: LICENSE
2025-07-14T01:55:40 | touched: scripts/deploy.js
2025-12-14T07:04:32 | touched: README.md
2025-12-03T18:55:50 | touched: scripts/deploy.js
2025-08-09T03:15:27 | touched: LICENSE
